[debug] [2019-02-04T03:24:16.192Z] ----------------------------------------------------------------------
[debug] [2019-02-04T03:24:16.195Z] Command:       /usr/local/bin/node /home/ubuntu/.npm-packages/bin/firebase login
[debug] [2019-02-04T03:24:16.195Z] CLI Version:   6.3.1
[debug] [2019-02-04T03:24:16.195Z] Platform:      linux
[debug] [2019-02-04T03:24:16.195Z] Node Version:  v10.13.0
[debug] [2019-02-04T03:24:16.195Z] Time:          Mon Feb 04 2019 03:24:16 GMT+0000 (Coordinated Universal Time)
[debug] [2019-02-04T03:24:16.195Z] ----------------------------------------------------------------------
[debug] 
[info] 
[info] Visit this URL on any device to log in:
[info] https://accounts.google.com/o/oauth2/auth?client_id=563584335869-fgrhgmd47bqnekij5i8b5pr03ho849e6.apps.googleusercontent.com&scope=email%20openid%20https%3A%2F%2Fwww.googleapis.com%2Fauth%2Fcloudplatformprojects.readonly%20https%3A%2F%2Fwww.googleapis.com%2Fauth%2Ffirebase%20https%3A%2F%2Fwww.googleapis.com%2Fauth%2Fcloud-platform&response_type=code&state=867678048&redirect_uri=http%3A%2F%2Flocalhost%3A9005
[info] 
[info] Waiting for authentication...
[debug] [2019-02-04T03:24:18.592Z] Unable to open URL: Error: Exited with code 3
    at ChildProcess.cp.once.code (/home/ubuntu/.config/yarn/global/node_modules/opn/index.js:84:13)
    at Object.onceWrapper (events.js:273:13)
    at ChildProcess.emit (events.js:182:13)
    at ChildProcess.EventEmitter.emit (domain.js:442:20)
    at maybeClose (internal/child_process.js:962:16)
    at Socket.stream.socket.on (internal/child_process.js:381:11)
    at Socket.emit (events.js:182:13)
    at Socket.EventEmitter.emit (domain.js:442:20)
    at Pipe._handle.close (net.js:606:12)
[debug] [2019-02-04T03:24:45.632Z] ----------------------------------------------------------------------
[debug] [2019-02-04T03:24:45.635Z] Command:       /usr/local/bin/node /home/ubuntu/.npm-packages/bin/firebase login
[debug] [2019-02-04T03:24:45.635Z] CLI Version:   6.3.1
[debug] [2019-02-04T03:24:45.635Z] Platform:      linux
[debug] [2019-02-04T03:24:45.635Z] Node Version:  v10.13.0
[debug] [2019-02-04T03:24:45.635Z] Time:          Mon Feb 04 2019 03:24:45 GMT+0000 (Coordinated Universal Time)
[debug] [2019-02-04T03:24:45.635Z] ----------------------------------------------------------------------
[debug] 
[info] 
[info] Visit this URL on any device to log in:
[info] https://accounts.google.com/o/oauth2/auth?client_id=563584335869-fgrhgmd47bqnekij5i8b5pr03ho849e6.apps.googleusercontent.com&scope=email%20openid%20https%3A%2F%2Fwww.googleapis.com%2Fauth%2Fcloudplatformprojects.readonly%20https%3A%2F%2Fwww.googleapis.com%2Fauth%2Ffirebase%20https%3A%2F%2Fwww.googleapis.com%2Fauth%2Fcloud-platform&response_type=code&state=880068597&redirect_uri=http%3A%2F%2Flocalhost%3A9005
[info] 
[info] Waiting for authentication...
[debug] [2019-02-04T03:24:47.334Z] Unable to open URL: Error: Exited with code 3
    at ChildProcess.cp.once.code (/home/ubuntu/.config/yarn/global/node_modules/opn/index.js:84:13)
    at Object.onceWrapper (events.js:273:13)
    at ChildProcess.emit (events.js:182:13)
    at ChildProcess.EventEmitter.emit (domain.js:442:20)
    at maybeClose (internal/child_process.js:962:16)
    at Socket.stream.socket.on (internal/child_process.js:381:11)
    at Socket.emit (events.js:182:13)
    at Socket.EventEmitter.emit (domain.js:442:20)
    at Pipe._handle.close (net.js:606:12)
